<?xml version="1.0" encoding="UTF-8"?>
<!-- Generated by org.testng.reporters.JUnitReportReporter -->
<testsuite skipped="1" hostname="Samis-MacBook-Pro.local" name="sprint1.MongoDB_FreeCrm" tests="2" failures="0" timestamp="09 Feb 2018 22:08:26 GMT" time="0.043" errors="0">
  <testcase name="test2" time="0.043" classname="sprint1.MongoDB_FreeCrm"/>
  <testcase name="test" classname="sprint1.MongoDB_FreeCrm">
    <skipped/>
  </testcase> <!-- test -->
</testsuite> <!-- sprint1.MongoDB_FreeCrm -->
