<?xml version="1.0" encoding="UTF-8"?>
<!-- Generated by org.testng.reporters.JUnitReportReporter -->
<testsuite skipped="0" hostname="Samis-MacBook-Pro.local" name="sprint1.LetsCodeIt_practiceSite" tests="1" failures="0" timestamp="07 Apr 2018 00:54:45 GMT" time="5.401" errors="0">
  <testcase name="countRadiosButtons" time="5.401" classname="sprint1.LetsCodeIt_practiceSite"/>
</testsuite> <!-- sprint1.LetsCodeIt_practiceSite -->
