<?xml version="1.0" encoding="UTF-8"?>
<!-- Generated by org.testng.reporters.JUnitReportReporter -->
<testsuite skipped="0" hostname="Samis-MacBook-Pro.local" name="sprint1.USER_STORY_002" tests="1" failures="0" timestamp="09 Feb 2018 21:52:44 GMT" time="0.036" errors="0">
  <testcase name="test" time="0.036" classname="sprint1.USER_STORY_002"/>
</testsuite> <!-- sprint1.USER_STORY_002 -->
