<?xml version="1.0" encoding="UTF-8"?>
<!-- Generated by org.testng.reporters.JUnitReportReporter -->
<testsuite skipped="0" hostname="Samis-MacBook-Pro.local" name="sprint2.USER_STORY_004" tests="1" failures="0" timestamp="03 Mar 2018 05:22:25 GMT" time="15.707" errors="0">
  <testcase name="actionsTest1" time="15.707" classname="sprint2.USER_STORY_004"/>
</testsuite> <!-- sprint2.USER_STORY_004 -->
